Jan 18 13:38:52 PROMETHEUS LOKI: LOKI - Starting Loki Scan on PROMETHEUS
Jan 18 13:38:52 PROMETHEUS LOKI: File Name Characteristics initialized with 32 regex patterns
Jan 18 13:38:52 PROMETHEUS LOKI: Malware Hashes initialized with 43 hashes
Jan 18 13:38:52 PROMETHEUS LOKI: False Positive Hashes initialized with 8 hashes
Jan 18 13:38:52 PROMETHEUS LOKI: Scanning M:\FiveEyes ...  
Jan 18 13:38:52 PROMETHEUS LOKI: File Name PATTERN: \\20120\.dll DESC: Five Eyes QUERTY Malware Name MATCH: M:\FiveEyes\qwerty\20120.dll.bin
Jan 18 13:38:52 PROMETHEUS LOKI: Malware Hash TYPE: MD5 HASH: 5d853a8de18d844a9ab269f3d51e5072 FILE: M:\FiveEyes\qwerty\20120.dll.bin DESC: Five Eyes QUERTY Malware20120.dll.bin
Jan 18 13:38:52 PROMETHEUS LOKI: Yara Rule MATCH: FiveEyes_QUERTY_Malwaresig_20120_dll FILE: M:\FiveEyes\qwerty\20120.dll.bin
Jan 18 13:38:52 PROMETHEUS LOKI: Malware Hash TYPE: MD5 HASH: cc8b737edb3f11c9c5dba57035c63103 FILE: M:\FiveEyes\qwerty\20120.xml DESC: Five Eyes QUERTY Malware20120.xml
Jan 18 13:38:52 PROMETHEUS LOKI: Yara Rule MATCH: FiveEyes_QUERTY_Malwareqwerty_20121 FILE: M:\FiveEyes\qwerty\20120.xml
Jan 18 13:38:52 PROMETHEUS LOKI: Yara Rule MATCH: FiveEyes_QUERTY_Malwareqwerty_20120 FILE: M:\FiveEyes\qwerty\20120.xml
Jan 18 13:38:52 PROMETHEUS LOKI: Malware Hash TYPE: MD5 HASH: 67ac8dc6589a07d950bd12f534dc9789 FILE: M:\FiveEyes\qwerty\20120_cmdDef.xml DESC: Five Eyes QUERTY Malware20120_cmdDef.xml
Jan 18 13:38:52 PROMETHEUS LOKI: Yara Rule MATCH: FiveEyes_QUERTY_Malwaresig_20120_cmdDef FILE: M:\FiveEyes\qwerty\20120_cmdDef.xml
Jan 18 13:38:52 PROMETHEUS LOKI: File Name PATTERN: \\20121\.dll DESC: Five Eyes QUERTY Malware Name MATCH: M:\FiveEyes\qwerty\20121.dll.bin
Jan 18 13:38:52 PROMETHEUS LOKI: Malware Hash TYPE: MD5 HASH: 40451f20371329b992fb1b85c754d062 FILE: M:\FiveEyes\qwerty\20121.dll.bin DESC: Five Eyes QUERTY Malware20121.dll.bin
Jan 18 13:38:52 PROMETHEUS LOKI: Yara Rule MATCH: FiveEyes_QUERTY_Malwaresig_20121_dll FILE: M:\FiveEyes\qwerty\20121.dll.bin
Jan 18 13:38:52 PROMETHEUS LOKI: Malware Hash TYPE: MD5 HASH: ff0afae5c68c5177ed0a3d6339810cae FILE: M:\FiveEyes\qwerty\20121.xml DESC: Five Eyes QUERTY Malware20121.xml
Jan 18 13:38:52 PROMETHEUS LOKI: Yara Rule MATCH: FiveEyes_QUERTY_Malwareqwerty_20121 FILE: M:\FiveEyes\qwerty\20121.xml
Jan 18 13:38:53 PROMETHEUS LOKI: Malware Hash TYPE: MD5 HASH: 1bc8f4df4551c6efbbb1fe9f965dca49 FILE: M:\FiveEyes\qwerty\20121_cmdDef.xml DESC: Five Eyes QUERTY Malware20121_cmdDef.xml
Jan 18 13:38:53 PROMETHEUS LOKI: Yara Rule MATCH: FiveEyes_QUERTY_Malwaresig_20121_cmdDef FILE: M:\FiveEyes\qwerty\20121_cmdDef.xml
Jan 18 13:38:53 PROMETHEUS LOKI: File Name PATTERN: \\20123\.sys DESC: Five Eyes QUERTY Malware Name MATCH: M:\FiveEyes\qwerty\20123.sys.bin
Jan 18 13:38:53 PROMETHEUS LOKI: Malware Hash TYPE: MD5 HASH: 0ed11a73694999bc45d18b4189f41ac2 FILE: M:\FiveEyes\qwerty\20123.sys.bin DESC: Five Eyes QUERTY Malware20123.sys.bin
Jan 18 13:38:53 PROMETHEUS LOKI: Yara Rule MATCH: FiveEyes_QUERTY_Malwaresig_20123_sys FILE: M:\FiveEyes\qwerty\20123.sys.bin
Jan 18 13:38:53 PROMETHEUS LOKI: Malware Hash TYPE: MD5 HASH: 066b6253afc3ad0efe9a15cead4ef7d8 FILE: M:\FiveEyes\qwerty\20123.xml DESC: Five Eyes QUERTY Malware20123.xml
Jan 18 13:38:53 PROMETHEUS LOKI: Yara Rule MATCH: FiveEyes_QUERTY_Malwareqwerty_20123 FILE: M:\FiveEyes\qwerty\20123.xml
Jan 18 13:38:53 PROMETHEUS LOKI: Malware Hash TYPE: MD5 HASH: 790d1b448e97985deb710a94eb927c27 FILE: M:\FiveEyes\qwerty\20123_cmdDef.xml DESC: Five Eyes QUERTY Malware20123_cmdDef.xml
Jan 18 13:38:53 PROMETHEUS LOKI: Yara Rule MATCH: FiveEyes_QUERTY_Malwaresig_20123_cmdDef FILE: M:\FiveEyes\qwerty\20123_cmdDef.xml
Jan 18 13:38:53 PROMETHEUS LOKI: INDICATORS DETECTED!
